0 silly argv { _: [ 'import' ],
0 silly argv   lernaVersion: '3.20.2',
0 silly argv   '$0': 'node_modules/.bin/lerna',
0 silly argv   dir: './hello-nestjs' }
1 notice cli v3.20.2
2 verbose rootPath /Users/zmax/Work/Projects/yarn-workspaces
3 error Error: Command failed: git rev-parse HEAD
3 error fatal: 有歧義的參數 'HEAD'：未知的版本或路徑不存在於工作區中。
3 error 使用 '--' 來分隔版本和路徑，例如：
3 error 'git <指令> [<版本>...] -- [<檔案>...]'
3 error
3 error HEAD
3 error
3 error     at makeError (/Users/zmax/Work/Projects/yarn-workspaces/node_modules/execa/index.js:174:9)
3 error     at Function.module.exports.sync (/Users/zmax/Work/Projects/yarn-workspaces/node_modules/execa/index.js:338:15)
3 error     at Object.execSync (/Users/zmax/Work/Projects/yarn-workspaces/node_modules/@lerna/child-process/index.js:26:16)
3 error     at ImportCommand.execSync (/Users/zmax/Work/Projects/yarn-workspaces/node_modules/@lerna/import/index.js:143:34)
3 error     at ImportCommand.getCurrentSHA (/Users/zmax/Work/Projects/yarn-workspaces/node_modules/@lerna/import/index.js:135:17)
3 error     at ImportCommand.initialize (/Users/zmax/Work/Projects/yarn-workspaces/node_modules/@lerna/import/index.js:104:31)
3 error     at Promise.resolve.then (/Users/zmax/Work/Projects/yarn-workspaces/node_modules/@lerna/command/index.js:272:24)
